=== RUNNING FEATURE PIPELINE ===
2026-07-15 14:16:36,838 INFO: Failed to extract font properties from /usr/share/fonts/truetype/noto/NotoColorEmoji.ttf: In FT2Font: Can not load face (unknown file format; error code 0x2)
2026-07-15 14:16:37,524 INFO: generated new fontManager
2026-07-15 14:16:38,059 INFO: Initializing external client
2026-07-15 14:16:38,059 INFO: Base URL: https://eu-west.cloud.hopsworks.ai:443
2026-07-15 14:16:39,987 INFO: Python Engine initialized.
Local environment
Added the following directory to the PYTHONPATH: /home/runner/work/Air-Quality-Prediction-Service-Madrid/Air-Quality-Prediction-Service-Madrid
HopsworksSettings initialized!

Logged in to project, explore it here https://eu-west.cloud.hopsworks.ai:443/p/3209
OK → casa-de-campo
OK → castellana
OK → cuatro-caminos
OK → escuelas-aguirre
OK → fernandez-ladreda
OK → mendez-alvaro
OK → plaza-de-castilla
<class 'pandas.core.frame.DataFrame'>
RangeIndex: 7 entries, 0 to 6
Data columns (total 6 columns):
 #   Column     Non-Null Count  Dtype         
---  ------     --------------  -----         
 0   date       7 non-null      datetime64[ns]
 1   pm25       7 non-null      float64       
 2   sensor_id  7 non-null      object        
 3   city       7 non-null      object        
 4   country    7 non-null      object        
 5   street     7 non-null      object        
dtypes: datetime64[ns](1), float64(1), object(4)
memory usage: 468.0+ bytes
Coordinates: 40.5°N -3.75°E
Elevation: 649.0 m asl
Timezone difference to GMT+0: 0s
OK forecast → casa-de-campo
Coordinates: 40.5°N -3.75°E
Elevation: 698.0 m asl
Timezone difference to GMT+0: 0s
OK forecast → castellana
Coordinates: 40.5°N -3.75°E
Elevation: 708.0 m asl
Timezone difference to GMT+0: 0s
OK forecast → cuatro-caminos
Coordinates: 40.5°N -3.75°E
Elevation: 695.0 m asl
Timezone difference to GMT+0: 0s
OK forecast → escuelas-aguirre
Coordinates: 40.5°N -3.75°E
Elevation: 639.0 m asl
Timezone difference to GMT+0: 0s
OK forecast → fernandez-ladreda
Coordinates: 40.5°N -3.75°E
Elevation: 606.0 m asl
Timezone difference to GMT+0: 0s
OK forecast → mendez-alvaro
Coordinates: 40.5°N -3.75°E
Elevation: 749.0 m asl
Timezone difference to GMT+0: 0s
OK forecast → plaza-de-castilla
<class 'pandas.core.frame.DataFrame'>
Index: 49 entries, 0 to 48
Data columns (total 12 columns):
 #   Column                       Non-Null Count  Dtype         
---  ------                       --------------  -----         
 0   date                         49 non-null     datetime64[ns]
 1   temperature_2m_mean          49 non-null     float32       
 2   precipitation_sum            49 non-null     float32       
 3   wind_speed_10m_max           49 non-null     float32       
 4   wind_direction_10m_dominant  49 non-null     float32       
 5   cloud_cover_max              49 non-null     float32       
 6   relative_humidity_2m_mean    49 non-null     float32       
 7   dew_point_2m_max             49 non-null     float32       
 8   sensor_id                    49 non-null     object        
 9   city                         49 non-null     object        
 10  country                      49 non-null     object        
 11  street                       49 non-null     object        
dtypes: datetime64[ns](1), float32(7), object(4)
memory usage: 3.6+ KB
Reading data from Hopsworks, using Hopsworks Feature Query Service.   Reading data from Hopsworks, using Hopsworks Feature Query Service..   Reading data from Hopsworks, using Hopsworks Feature Query Service...   Reading data from Hopsworks, using Hopsworks Feature Query Service   Reading data from Hopsworks, using Hopsworks Feature Query Service.   Reading data from Hopsworks, using Hopsworks Feature Query Service..   Finished: Reading data from Hopsworks, using Hopsworks Feature Query Service (2.52s) 
Uploading Dataframe: 0.00% |          | Rows 0/7 | Elapsed Time: 00:00 | Remaining Time: ?Uploading Dataframe: 100.00% |██████████| Rows 7/7 | Elapsed Time: 00:00 | Remaining Time: 00:00
2026-07-15 14:17:10,394 INFO: Waiting for execution to finish. Current state: SUBMITTED. Final status: UNDEFINED
2026-07-15 14:17:13,998 INFO: Waiting for execution to finish. Current state: RUNNING. Final status: UNDEFINED
2026-07-15 14:19:51,990 INFO: Waiting for execution to finish. Current state: AGGREGATING_LOGS. Final status: FAILED
2026-07-15 14:19:52,177 INFO: Waiting for log aggregation to finish.
2026-07-15 14:20:05,357 ERROR: Execution failed with status: FAILED. See the logs for more information.
Launching job: air_quality_madrid_1_offline_fg_materialization
Job started successfully, you can follow the progress at 
https://eu-west.cloud.hopsworks.ai:443/p/3209/jobs/named/air_quality_madrid_1_offline_fg_materialization/executions
[31m---------------------------------------------------------------------------[39m
[31mJobExecutionException[39m                     Traceback (most recent call last)
[36mCell[39m[36m [39m[32mIn[1][39m[32m, line 2[39m
[32m      1[39m [38;5;66;03m# Insert new data[39;00m
[32m----> [39m[32m2[39m [30;43mair_quality_fg[39;49m[30;43m.[39;49m[30;43minsert[39;49m[30;43m([39;49m[30;43maq_today_processed[39;49m[30;43m,[39;49m[30;43mwait[39;49m[30;43m=[39;49m[30;43;01mTrue[39;49;00m[30;43m)[39;49m

[36mFile [39m[32m/opt/hostedtoolcache/Python/3.11.15/x64/lib/python3.11/site-packages/hsfs/feature_group.py:4013[39m, in [36mFeatureGroup.insert[39m[34m(self, features, overwrite, operation, storage, write_options, validation_options, wait, transformation_context, transform, n_processes)[39m
[32m   4010[39m     write_options[[33m"[39m[33mdelta.enableChangeDataFeed[39m[33m"[39m] = [33m"[39m[33mtrue[39m[33m"[39m
[32m   4012[39m storage_normalized = storage.lower() [38;5;28;01mif[39;00m storage [38;5;129;01mis[39;00m [38;5;129;01mnot[39;00m [38;5;28;01mNone[39;00m [38;5;28;01melse[39;00m [38;5;28;01mNone[39;00m
[32m-> [39m[32m4013[39m job, ge_report = [30;43mself[39;49m[30;43m.[39;49m[30;43m_feature_group_engine[39;49m[30;43m.[39;49m[30;43m_insert[39;49m[30;43m([39;49m
[32m   4014[39m [30;43m    [39;49m[30;43mself[39;49m[30;43m,[39;49m
[32m   4015[39m [30;43m    [39;49m[30;43mfeature_dataframe[39;49m[30;43m=[39;49m[30;43mfeature_dataframe[39;49m[30;43m,[39;49m
[32m   4016[39m [30;43m    [39;49m[30;43moverwrite[39;49m[30;43m=[39;49m[30;43moverwrite[39;49m[30;43m,[39;49m
[32m   4017[39m [30;43m    [39;49m[30;43moperation[39;49m[30;43m=[39;49m[30;43moperation[39;49m[30;43m,[39;49m
[32m   4018[39m [30;43m    [39;49m[30;43mstorage[39;49m[30;43m=[39;49m[30;43mstorage_normalized[39;49m[30;43m,[39;49m
[32m   4019[39m [30;43m    [39;49m[30;43mwrite_options[39;49m[30;43m=[39;49m[30;43mwrite_options[39;49m[30;43m,[39;49m
[32m   4020[39m [30;43m    [39;49m[30;43mvalidation_options[39;49m[30;43m=[39;49m[30;43m{[39;49m[30;43m"[39;49m[30;43msave_report[39;49m[30;43m"[39;49m[30;43m:[39;49m[30;43m [39;49m[30;43;01mTrue[39;49;00m[30;43m,[39;49m[30;43m [39;49m[30;43m*[39;49m[30;43m*[39;49m[30;43mvalidation_options[39;49m[30;43m}[39;49m[30;43m,[39;49m
[32m   4021[39m [30;43m    [39;49m[30;43mtransformation_context[39;49m[30;43m=[39;49m[30;43mtransformation_context[39;49m[30;43m,[39;49m
[32m   4022[39m [30;43m    [39;49m[30;43mtransform[39;49m[30;43m=[39;49m[30;43mtransform[39;49m[30;43m,[39;49m
[32m   4023[39m [30;43m    [39;49m[30;43mn_processes[39;49m[30;43m=[39;49m[30;43mn_processes[39;49m[30;43m,[39;49m
[32m   4024[39m [30;43m[39;49m[30;43m)[39;49m
[32m   4026[39m [38;5;66;03m# Stats are computed automatically by the ingestion-triggered FM job on the backend.[39;00m
[32m   4027[39m [38;5;66;03m# No client-side trigger needed.[39;00m
[32m   4029[39m [38;5;28;01mreturn[39;00m (
[32m   4030[39m     job,
[32m   4031[39m     ge_report.to_ge_type() [38;5;28;01mif[39;00m ge_report [38;5;129;01mis[39;00m [38;5;129;01mnot[39;00m [38;5;28;01mNone[39;00m [38;5;28;01melse[39;00m [38;5;28;01mNone[39;00m,
[32m   4032[39m )

[36mFile [39m[32m/opt/hostedtoolcache/Python/3.11.15/x64/lib/python3.11/site-packages/hsfs/core/feature_group_engine.py:332[39m, in [36mFeatureGroupEngine._insert[39m[34m(self, feature_group, feature_dataframe, overwrite, operation, storage, write_options, validation_options, transformation_context, transform, n_processes)[39m
[32m    328[39m [38;5;28;01mif[39;00m overwrite:
[32m    329[39m     [38;5;28mself[39m._feature_group_api._delete_content(feature_group)
[32m    331[39m [38;5;28;01mreturn[39;00m (
[32m--> [39m[32m332[39m     [30;43mengine[39;49m[30;43m.[39;49m[30;43m_get_instance[39;49m[30;43m([39;49m[30;43m)[39;49m[30;43m.[39;49m[30;43m_save_dataframe[39;49m[30;43m([39;49m
[32m    333[39m [30;43m        [39;49m[30;43mfeature_group[39;49m[30;43m,[39;49m
[32m    334[39m [30;43m        [39;49m[30;43mfeature_dataframe[39;49m[30;43m,[39;49m
[32m    335[39m [30;43m        [39;49m[30;43m"[39;49m[30;43mbulk_insert[39;49m[30;43m"[39;49m[30;43m [39;49m[30;43;01mif[39;49;00m[30;43m [39;49m[30;43moverwrite[39;49m[30;43m [39;49m[30;43;01melse[39;49;00m[30;43m [39;49m[30;43moperation[39;49m[30;43m,[39;49m
[32m    336[39m [30;43m        [39;49m[30;43mfeature_group[39;49m[30;43m.[39;49m[30;43monline_enabled[39;49m[30;43m,[39;49m
[32m    337[39m [30;43m        [39;49m[30;43mstorage[39;49m[30;43m,[39;49m
[32m    338[39m [30;43m        [39;49m[30;43moffline_write_options[39;49m[30;43m,[39;49m
[32m    339[39m [30;43m        [39;49m[30;43monline_write_options[39;49m[30;43m,[39;49m
[32m    340[39m [30;43m    [39;49m[30;43m)[39;49m,
[32m    341[39m     ge_report,
[32m    342[39m )

[36mFile [39m[32m/opt/hostedtoolcache/Python/3.11.15/x64/lib/python3.11/site-packages/hsfs/engine/python.py:1098[39m, in [36mEngine._save_dataframe[39m[34m(self, feature_group, dataframe, operation, online_enabled, storage, offline_write_options, online_write_options, validation_id)[39m
[32m   1082[39m [38;5;28;01mdef[39;00m[38;5;250m [39m[34m_save_dataframe[39m(
[32m   1083[39m     [38;5;28mself[39m,
[32m   1084[39m     feature_group: FeatureGroup,
[32m   (...)[39m[32m   1091[39m     validation_id: [38;5;28mint[39m | [38;5;28;01mNone[39;00m = [38;5;28;01mNone[39;00m,
[32m   1092[39m ) -> job.Job | [38;5;28;01mNone[39;00m:
[32m   1093[39m     [38;5;28;01mif[39;00m (
[32m   1094[39m         [38;5;129;01mnot[39;00m [38;5;28misinstance[39m(feature_group, fg_mod.ExternalFeatureGroup)
[32m   1095[39m         [38;5;129;01mand[39;00m feature_group.stream
[32m   1096[39m     ):
[32m   1097[39m         [38;5;66;03m# Streaming feature groups require the same data to be written on online and offline storage[39;00m
[32m-> [39m[32m1098[39m         [38;5;28;01mreturn[39;00m [30;43mself[39;49m[30;43m.[39;49m[30;43m_run_materialization_job[39;49m[30;43m([39;49m
[32m   1099[39m [30;43m            [39;49m[30;43mfeature_group[39;49m[30;43m,[39;49m
[32m   1100[39m [30;43m            [39;49m[30;43mdataframe[39;49m[30;43m,[39;49m
[32m   1101[39m [30;43m            [39;49m[30;43moffline_write_options[39;49m[30;43m,[39;49m
[32m   1102[39m [30;43m            [39;49m[30;43;01mNone[39;49;00m[30;43m,[39;49m[30;43m  [39;49m[30;43;03m# doesnt support storage parameter[39;49;00m
[32m   1103[39m [30;43m        [39;49m[30;43m)[39;49m
[32m   1105[39m     inserted = [38;5;28;01mFalse[39;00m
[32m   1106[39m     [38;5;28;01mif[39;00m (
[32m   1107[39m         storage [38;5;129;01min[39;00m [[38;5;28;01mNone[39;00m, [33m"[39m[33moffline[39m[33m"[39m]
[32m   1108[39m         [38;5;129;01mand[39;00m [38;5;129;01mnot[39;00m [38;5;28misinstance[39m(feature_group, fg_mod.ExternalFeatureGroup)
[32m   1109[39m         [38;5;129;01mand[39;00m feature_group.time_travel_format == [33m"[39m[33mDELTA[39m[33m"[39m
[32m   1110[39m     ):
[32m   1111[39m         [38;5;66;03m# ExternalFeatureGroups have no offline storage, so offline writes are skipped.[39;00m

[36mFile [39m[32m/opt/hostedtoolcache/Python/3.11.15/x64/lib/python3.11/site-packages/hsfs/engine/python.py:2001[39m, in [36mEngine._run_materialization_job[39m[34m(self, feature_group, dataframe, offline_write_options, storage)[39m
[32m   1999[39m         initial_check_point = [33m"[39m[33m"[39m
[32m   2000[39m     [38;5;66;03m# provide the initial_check_point as it will reduce the read amplification of materialization job[39;00m
[32m-> [39m[32m2001[39m     [30;43mfeature_group[39;49m[30;43m.[39;49m[30;43mmaterialization_job[39;49m[30;43m.[39;49m[30;43mrun[39;49m[30;43m([39;49m
[32m   2002[39m [30;43m        [39;49m[30;43margs[39;49m[30;43m=[39;49m[30;43mfeature_group[39;49m[30;43m.[39;49m[30;43mmaterialization_job[39;49m[30;43m.[39;49m[30;43mconfig[39;49m[30;43m.[39;49m[30;43mget[39;49m[30;43m([39;49m[30;43m"[39;49m[30;43mdefaultArgs[39;49m[30;43m"[39;49m[30;43m,[39;49m[30;43m [39;49m[30;43m"[39;49m[30;43m"[39;49m[30;43m)[39;49m
[32m   2003[39m [30;43m        [39;49m[30;43m+[39;49m[30;43m [39;49m[30;43m([39;49m
[32m   2004[39m [30;43m            [39;49m[30;43mf[39;49m[30;43m"[39;49m[30;43m -initialCheckPointString [39;49m[30;43;01m{[39;49;00m[30;43minitial_check_point[39;49m[30;43;01m}[39;49;00m[30;43m"[39;49m
[32m   2005[39m [30;43m            [39;49m[30;43;01mif[39;49;00m[30;43m [39;49m[30;43minitial_check_point[39;49m
[32m   2006[39m [30;43m            [39;49m[30;43;01melse[39;49;00m[30;43m [39;49m[30;43m"[39;49m[30;43m"[39;49m
[32m   2007[39m [30;43m        [39;49m[30;43m)[39;49m[30;43m,[39;49m
[32m   2008[39m [30;43m        [39;49m[30;43mawait_termination[39;49m[30;43m=[39;49m[30;43moffline_write_options[39;49m[30;43m.[39;49m[30;43mget[39;49m[30;43m([39;49m[30;43m"[39;49m[30;43mwait_for_job[39;49m[30;43m"[39;49m[30;43m,[39;49m[30;43m [39;49m[30;43;01mFalse[39;49;00m[30;43m)[39;49m[30;43m,[39;49m
[32m   2009[39m [30;43m    [39;49m[30;43m)[39;49m
[32m   2011[39m [38;5;28;01mreturn[39;00m feature_group.materialization_job

[36mFile [39m[32m/opt/hostedtoolcache/Python/3.11.15/x64/lib/python3.11/site-packages/hopsworks_common/job.py:274[39m, in [36mJob.run[39m[34m(self, args, await_termination, start_time, end_time, logical_date, env_vars)[39m
[32m    270[39m     [38;5;28mprint[39m(
[32m    271[39m         [33mf[39m[33m"[39m[33mJob started successfully, you can follow the progress at [39m[38;5;130;01m\n[39;00m[38;5;132;01m{[39;00mexecution.get_url()[38;5;132;01m}[39;00m[33m"[39m
[32m    272[39m     )
[32m    273[39m     [38;5;28;01mif[39;00m await_termination:
[32m--> [39m[32m274[39m         [38;5;28;01mreturn[39;00m [30;43mself[39;49m[30;43m.[39;49m[30;43m_execution_engine[39;49m[30;43m.[39;49m[30;43m_wait_until_finished[39;49m[30;43m([39;49m[30;43mself[39;49m[30;43m,[39;49m[30;43m [39;49m[30;43mexecution[39;49m[30;43m)[39;49m
[32m    275[39m [38;5;28;01mreturn[39;00m execution

[36mFile [39m[32m/opt/hostedtoolcache/Python/3.11.15/x64/lib/python3.11/site-packages/hopsworks_common/engine/execution_engine.py:229[39m, in [36mExecutionEngine._wait_until_finished[39m[34m(self, job, execution, timeout)[39m
[32m    227[39m     [38;5;28;01mraise[39;00m JobExecutionException([33m"[39m[33mThe Hopsworks Job was stopped[39m[33m"[39m)
[32m    228[39m [38;5;28;01mif[39;00m status == [33m"[39m[33mFAILED[39m[33m"[39m:
[32m--> [39m[32m229[39m     [38;5;28;01mraise[39;00m JobExecutionException(
[32m    230[39m         [33m"[39m[33mThe Hopsworks Job failed, use the Hopsworks UI to access the job logs[39m[33m"[39m
[32m    231[39m     )
[32m    232[39m [38;5;28;01mif[39;00m status == [33m"[39m[33mFRAMEWORK_FAILURE[39m[33m"[39m:
[32m    233[39m     [38;5;28;01mraise[39;00m JobExecutionException(
[32m    234[39m         [33m"[39m[33mThe Hopsworks Job monitoring failed, could not determine the final status[39m[33m"[39m
[32m    235[39m     )

[31mJobExecutionException[39m: The Hopsworks Job failed, use the Hopsworks UI to access the job logs
2026-07-15 14:20:06,266 INFO: Closing external client and cleaning up certificates.
2026-07-15 14:20:06,267 INFO: Connection closed.
=== RUNNING BATCH INFERENCE ===
/opt/hostedtoolcache/Python/3.11.15/x64/lib/python3.11/site-packages/IPython/core/interactiveshell.py:3056: UserWarning: Unknown failure executing file: </home/runner/work/Air-Quality-Prediction-Service-Madrid/Air-Quality-Prediction-Service-Madrid/notebooks/4_air_quality_batch_inference.ipynb>
  warn('Unknown failure executing file: <%s>' % fname)
[31m---------------------------------------------------------------------------[39m
[31mAttributeError[39m                            Traceback (most recent call last)
[36mFile [39m[32m/opt/hostedtoolcache/Python/3.11.15/x64/lib/python3.11/site-packages/nbformat/__init__.py:169[39m, in [36mread[39m[34m(fp, as_version, capture_validation_error, **kwargs)[39m
[32m    168[39m [38;5;28;01mtry[39;00m:
[32m--> [39m[32m169[39m     buf = [30;43mfp[39;49m[30;43m.[39;49m[30;43mread[39;49m()
[32m    170[39m [38;5;28;01mexcept[39;00m [38;5;167;01mAttributeError[39;00m:

[31mAttributeError[39m: 'PosixPath' object has no attribute 'read'

During handling of the above exception, another exception occurred:

[31mJSONDecodeError[39m                           Traceback (most recent call last)
[36mFile [39m[32m/opt/hostedtoolcache/Python/3.11.15/x64/lib/python3.11/site-packages/nbformat/reader.py:19[39m, in [36mparse_json[39m[34m(s, **kwargs)[39m
[32m     18[39m [38;5;28;01mtry[39;00m:
[32m---> [39m[32m19[39m     nb_dict = [30;43mjson[39;49m[30;43m.[39;49m[30;43mloads[39;49m[30;43m([39;49m[30;43ms[39;49m[30;43m,[39;49m[30;43m [39;49m[30;43m*[39;49m[30;43m*[39;49m[30;43mkwargs[39;49m[30;43m)[39;49m
[32m     20[39m [38;5;28;01mexcept[39;00m [38;5;167;01mValueError[39;00m [38;5;28;01mas[39;00m e:

[36mFile [39m[32m/opt/hostedtoolcache/Python/3.11.15/x64/lib/python3.11/json/__init__.py:346[39m, in [36mloads[39m[34m(s, cls, object_hook, parse_float, parse_int, parse_constant, object_pairs_hook, **kw)[39m
[32m    343[39m [38;5;28;01mif[39;00m ([38;5;28mcls[39m [38;5;129;01mis[39;00m [38;5;28;01mNone[39;00m [38;5;129;01mand[39;00m object_hook [38;5;129;01mis[39;00m [38;5;28;01mNone[39;00m [38;5;129;01mand[39;00m
[32m    344[39m         parse_int [38;5;129;01mis[39;00m [38;5;28;01mNone[39;00m [38;5;129;01mand[39;00m parse_float [38;5;129;01mis[39;00m [38;5;28;01mNone[39;00m [38;5;129;01mand[39;00m
[32m    345[39m         parse_constant [38;5;129;01mis[39;00m [38;5;28;01mNone[39;00m [38;5;129;01mand[39;00m object_pairs_hook [38;5;129;01mis[39;00m [38;5;28;01mNone[39;00m [38;5;129;01mand[39;00m [38;5;129;01mnot[39;00m kw):
[32m--> [39m[32m346[39m     [38;5;28;01mreturn[39;00m [30;43m_default_decoder[39;49m[30;43m.[39;49m[30;43mdecode[39;49m[30;43m([39;49m[30;43ms[39;49m[30;43m)[39;49m
[32m    347[39m [38;5;28;01mif[39;00m [38;5;28mcls[39m [38;5;129;01mis[39;00m [38;5;28;01mNone[39;00m:

[36mFile [39m[32m/opt/hostedtoolcache/Python/3.11.15/x64/lib/python3.11/json/decoder.py:337[39m, in [36mJSONDecoder.decode[39m[34m(self, s, _w)[39m
[32m    333[39m [38;5;250m[39m[33;03m"""Return the Python representation of ``s`` (a ``str`` instance[39;00m
[32m    334[39m [33;03mcontaining a JSON document).[39;00m
[32m    335[39m 
[32m    336[39m [33;03m"""[39;00m
[32m--> [39m[32m337[39m obj, end = [30;43mself[39;49m[30;43m.[39;49m[30;43mraw_decode[39;49m[30;43m([39;49m[30;43ms[39;49m[30;43m,[39;49m[30;43m [39;49m[30;43midx[39;49m[30;43m=[39;49m[30;43m_w[39;49m[30;43m([39;49m[30;43ms[39;49m[30;43m,[39;49m[30;43m [39;49m[30;43m0[39;49m[30;43m)[39;49m[30;43m.[39;49m[30;43mend[39;49m[30;43m([39;49m[30;43m)[39;49m[30;43m)[39;49m
[32m    338[39m end = _w(s, end).end()

[36mFile [39m[32m/opt/hostedtoolcache/Python/3.11.15/x64/lib/python3.11/json/decoder.py:353[39m, in [36mJSONDecoder.raw_decode[39m[34m(self, s, idx)[39m
[32m    352[39m [38;5;28;01mtry[39;00m:
[32m--> [39m[32m353[39m     obj, end = [30;43mself[39;49m[30;43m.[39;49m[30;43mscan_once[39;49m[30;43m([39;49m[30;43ms[39;49m[30;43m,[39;49m[30;43m [39;49m[30;43midx[39;49m[30;43m)[39;49m
[32m    354[39m [38;5;28;01mexcept[39;00m [38;5;167;01mStopIteration[39;00m [38;5;28;01mas[39;00m err:

[31mJSONDecodeError[39m: Invalid \escape: line 1346 column 48 (char 56482)

The above exception was the direct cause of the following exception:

[31mNotJSONError[39m                              Traceback (most recent call last)
[36mFile [39m[32m/opt/hostedtoolcache/Python/3.11.15/x64/lib/python3.11/site-packages/nbformat/__init__.py:172[39m, in [36mread[39m[34m(fp, as_version, capture_validation_error, **kwargs)[39m
[32m    170[39m [38;5;28;01mexcept[39;00m [38;5;167;01mAttributeError[39;00m:
[32m    171[39m     [38;5;28;01mwith[39;00m [38;5;28mopen[39m(fp, encoding=[33m"[39m[33mutf8[39m[33m"[39m) [38;5;28;01mas[39;00m f:  [38;5;66;03m# noqa: PTH123[39;00m
[32m--> [39m[32m172[39m         [38;5;28;01mreturn[39;00m [30;43mreads[39;49m[30;43m([39;49m[30;43mf[39;49m[30;43m.[39;49m[30;43mread[39;49m[30;43m([39;49m[30;43m)[39;49m[30;43m,[39;49m[30;43m [39;49m[30;43mas_version[39;49m[30;43m,[39;49m[30;43m [39;49m[30;43mcapture_validation_error[39;49m[30;43m,[39;49m[30;43m [39;49m[30;43m*[39;49m[30;43m*[39;49m[30;43mkwargs[39;49m[30;43m)[39;49m
[32m    174[39m [38;5;28;01mreturn[39;00m reads(buf, as_version, capture_validation_error, **kwargs)

[36mFile [39m[32m/opt/hostedtoolcache/Python/3.11.15/x64/lib/python3.11/site-packages/nbformat/__init__.py:92[39m, in [36mreads[39m[34m(s, as_version, capture_validation_error, **kwargs)[39m
[32m     66[39m [38;5;28;01mdef[39;00m[38;5;250m [39m[34mreads[39m(s, as_version, capture_validation_error=[38;5;28;01mNone[39;00m, **kwargs):
[32m     67[39m [38;5;250m    [39m[33;03m"""Read a notebook from a string and return the NotebookNode object as the given version.[39;00m
[32m     68[39m 
[32m     69[39m [33;03m    The string can contain a notebook of any version.[39;00m
[32m   (...)[39m[32m     90[39m [33;03m        The notebook that was read.[39;00m
[32m     91[39m [33;03m    """[39;00m
[32m---> [39m[32m92[39m     nb = [30;43mreader[39;49m[30;43m.[39;49m[30;43mreads[39;49m[30;43m([39;49m[30;43ms[39;49m[30;43m,[39;49m[30;43m [39;49m[30;43m*[39;49m[30;43m*[39;49m[30;43mkwargs[39;49m[30;43m)[39;49m
[32m     93[39m     [38;5;28;01mif[39;00m as_version [38;5;129;01mis[39;00m [38;5;129;01mnot[39;00m NO_CONVERT:
[32m     94[39m         nb = convert(nb, as_version)

[36mFile [39m[32m/opt/hostedtoolcache/Python/3.11.15/x64/lib/python3.11/site-packages/nbformat/reader.py:75[39m, in [36mreads[39m[34m(s, **kwargs)[39m
[32m     50[39m [38;5;250m[39m[33;03m"""Read a notebook from a json string and return the[39;00m
[32m     51[39m [33;03mNotebookNode object.[39;00m
[32m     52[39m 
[32m   (...)[39m[32m     71[39m [33;03m    Specified major version is invalid or unsupported.[39;00m
[32m     72[39m [33;03m"""[39;00m
[32m     73[39m [38;5;28;01mfrom[39;00m[38;5;250m [39m[34;01m.[39;00m[38;5;250m [39m[38;5;28;01mimport[39;00m NBFormatError, versions
[32m---> [39m[32m75[39m nb_dict = [30;43mparse_json[39;49m[30;43m([39;49m[30;43ms[39;49m[30;43m,[39;49m[30;43m [39;49m[30;43m*[39;49m[30;43m*[39;49m[30;43mkwargs[39;49m[30;43m)[39;49m
[32m     76[39m (major, minor) = get_version(nb_dict)
[32m     77[39m [38;5;28;01mif[39;00m major [38;5;129;01min[39;00m versions:

[36mFile [39m[32m/opt/hostedtoolcache/Python/3.11.15/x64/lib/python3.11/site-packages/nbformat/reader.py:25[39m, in [36mparse_json[39m[34m(s, **kwargs)[39m
[32m     23[39m     [38;5;28;01mif[39;00m [38;5;28mlen[39m(message) > [32m80[39m:
[32m     24[39m         message = message[:[32m77[39m] + [33m"[39m[33m...[39m[33m"[39m
[32m---> [39m[32m25[39m     [38;5;28;01mraise[39;00m NotJSONError(message) [38;5;28;01mfrom[39;00m[38;5;250m [39m[34;01me[39;00m
[32m     26[39m [38;5;28;01mreturn[39;00m nb_dict

[31mNotJSONError[39m: Notebook does not appear to be JSON: '{\n "cells": [\n  {\n   "cell_type": "m...
